[2023-03-05 11:01:59,473] multiqc                                            [DEBUG  ]  No MultiQC config found: /ibex/sw/csi/multiqc/1.9/el7.9_conda3/miniconda3/lib/python3.8/site-packages/multiqc_config.yaml
[2023-03-05 11:01:59,473] multiqc                                            [DEBUG  ]  No MultiQC config found: /home/alghurmf/.multiqc_config.yaml
[2023-03-05 11:01:59,474] multiqc                                            [DEBUG  ]  No MultiQC config found: multiqc_config.yaml
[2023-03-05 11:01:59,474] multiqc                                            [DEBUG  ]  Command used: /ibex/sw/csi/multiqc/1.9/el7.9_conda3/miniconda3/bin/multiqc /ibex/scratch/alghurmf/bulkAtac/SRR11727638neutrophils /ibex/scratch/alghurmf/bulkAtac/SRR11727639neutrophils /ibex/scratch/alghurmf/bulkAtac/SRR11727640neutrophils
[2023-03-05 11:01:59,990] multiqc                                            [WARNING]  MultiQC Version v1.14 now available!
[2023-03-05 11:01:59,990] multiqc                                            [INFO   ]  This is MultiQC v1.9
[2023-03-05 11:01:59,990] multiqc                                            [DEBUG  ]  Command     : /ibex/sw/csi/multiqc/1.9/el7.9_conda3/miniconda3/bin/multiqc /ibex/scratch/alghurmf/bulkAtac/SRR11727638neutrophils /ibex/scratch/alghurmf/bulkAtac/SRR11727639neutrophils /ibex/scratch/alghurmf/bulkAtac/SRR11727640neutrophils
[2023-03-05 11:01:59,990] multiqc                                            [DEBUG  ]  Working dir : /ibex/scratch/alghurmf/MultiQC
[2023-03-05 11:01:59,990] multiqc                                            [INFO   ]  Template    : default
[2023-03-05 11:01:59,990] multiqc                                            [DEBUG  ]  Running Python 3.8.5 (default, Sep  4 2020, 07:30:14)  [GCC 7.3.0]
[2023-03-05 11:01:59,990] multiqc                                            [INFO   ]  Searching   : /ibex/scratch/alghurmf/bulkAtac/SRR11727638neutrophils
[2023-03-05 11:01:59,990] multiqc                                            [INFO   ]  Searching   : /ibex/scratch/alghurmf/bulkAtac/SRR11727639neutrophils
[2023-03-05 11:01:59,991] multiqc                                            [INFO   ]  Searching   : /ibex/scratch/alghurmf/bulkAtac/SRR11727640neutrophils
[2023-03-05 11:01:59,991] multiqc                                            [DEBUG  ]  Analysing modules: custom_content, conpair, peddy, somalier, methylQA, mosdepth, phantompeakqualtools, qualimap, preseq, quast, qorts, rna_seqc, rockhopper, rsem, rseqc, busco, goleft_indexcov, disambiguate, supernova, deeptools, sargasso, verifybamid, mirtrace, happy, mirtop, homer, macs2, theta2, snpeff, gatk, htseq, bcftools, featureCounts, fgbio, dragen, dedup, damageprofiler, biobambam2, mtnucratio, picard, prokka, samblaster, samtools, sexdeterrmine, bamtools, jellyfish, vcftools, longranger, stacks, varscan2, bbmap, bismark, biscuit, hicexplorer, hicup, hicpro, salmon, kallisto, slamdunk, star, hisat2, tophat, bowtie2, bowtie1, snpsplit, kat, leehom, adapterRemoval, clipandmerge, cutadapt, flexbar, kaiju, kraken, malt, trimmomatic, sickle, skewer, sortmerna, biobloomtools, fastq_screen, afterqc, fastp, fastqc, pycoqc, minionqc, multivcfanalyzer, clusterflow, bcl2fastq, interop, ivar, flash, seqyclean
[2023-03-05 11:01:59,991] multiqc                                            [DEBUG  ]  Using temporary directory for creating report: /tmp/tmpw2zmavjn
[2023-03-05 11:02:00,118] multiqc                                            [DEBUG  ]  Ignoring directory as matched fn_ignore_dirs: /ibex/scratch/alghurmf/bulkAtac/SRR11727638neutrophils/multiqc_data
[2023-03-05 11:02:00,121] multiqc                                            [DEBUG  ]  Ignoring directory as matched fn_ignore_dirs: /ibex/scratch/alghurmf/bulkAtac/SRR11727639neutrophils/multiqc_data
[2023-03-05 11:02:00,123] multiqc                                            [DEBUG  ]  Ignoring directory as matched fn_ignore_dirs: /ibex/scratch/alghurmf/bulkAtac/SRR11727640neutrophils/multiqc_data
[2023-03-05 11:02:00,130] multiqc                                            [DEBUG  ]  Ignoring file as matched an ignore pattern: multiqc_report.html
[2023-03-05 11:02:00,175] multiqc                                            [DEBUG  ]  File ignored by longranger/invocation because it exceeded search pattern filesize limit: ._.DS_Store
[2023-03-05 11:02:00,197] multiqc                                            [DEBUG  ]  Ignoring file as matched an ignore pattern: .DS_Store
[2023-03-05 11:02:00,217] multiqc                                            [DEBUG  ]  File ignored by hicexplorer because it exceeded search pattern filesize limit: SRR11727638_2_fastqc.html
[2023-03-05 11:02:00,227] multiqc                                            [DEBUG  ]  File ignored by longranger/invocation because it exceeded search pattern filesize limit: SRR11727638_2_fastqc.html
[2023-03-05 11:02:00,348] multiqc                                            [DEBUG  ]  File ignored by hicexplorer because it exceeded search pattern filesize limit: SRR11727638_1_fastqc.html
[2023-03-05 11:02:00,357] multiqc                                            [DEBUG  ]  File ignored by longranger/invocation because it exceeded search pattern filesize limit: SRR11727638_1_fastqc.html
[2023-03-05 11:02:00,460] multiqc                                            [DEBUG  ]  File ignored by longranger/invocation because it exceeded search pattern filesize limit: ._SRR11727638_1_fastqc.html
[2023-03-05 11:02:00,479] multiqc                                            [DEBUG  ]  Ignoring file as matched an ignore pattern: SRR11727638.bam
[2023-03-05 11:02:00,505] multiqc                                            [DEBUG  ]  File ignored by longranger/invocation because it exceeded search pattern filesize limit: ._SRR11727638.coverage.bw
[2023-03-05 11:02:00,521] multiqc                                            [DEBUG  ]  Ignoring file as matched an ignore pattern: SRR11727638.blacklist.bam
[2023-03-05 11:02:00,521] multiqc                                            [DEBUG  ]  Ignoring file as matched an ignore pattern: SRR11727638.filtered.bam
[2023-03-05 11:02:00,522] multiqc                                            [DEBUG  ]  Ignoring file as matched an ignore pattern: SRR11727638.clean.bam.bai
[2023-03-05 11:02:00,566] multiqc                                            [DEBUG  ]  Ignoring file as matched an ignore pattern: SRR11727638.filtered.bam.bai
[2023-03-05 11:02:00,566] multiqc                                            [DEBUG  ]  Ignoring file as matched an ignore pattern: SRR11727638.sorted.bam.bai
[2023-03-05 11:02:00,566] multiqc                                            [DEBUG  ]  Ignoring file as matched an ignore pattern: SRR11727638.markdup.bai
[2023-03-05 11:02:00,636] multiqc                                            [DEBUG  ]  File ignored by longranger/invocation because it exceeded search pattern filesize limit: SRR11727638.markdup.txt
[2023-03-05 11:02:00,656] multiqc                                            [DEBUG  ]  Ignoring file as matched an ignore pattern: SRR11727638.sorted.bam
[2023-03-05 11:02:00,656] multiqc                                            [DEBUG  ]  Ignoring file as matched an ignore pattern: SRR11727638.markdup.bam
[2023-03-05 11:02:00,656] multiqc                                            [DEBUG  ]  Ignoring file as matched an ignore pattern: SRR11727638.clean.bam
[2023-03-05 11:02:00,656] multiqc                                            [DEBUG  ]  Ignoring file as matched an ignore pattern: SRR11727638.sam
[2023-03-05 11:02:00,682] multiqc                                            [DEBUG  ]  File ignored by longranger/invocation because it exceeded search pattern filesize limit: ._SRR11727638_trim1_fastqc.html
[2023-03-05 11:02:00,720] multiqc                                            [DEBUG  ]  File ignored by hicexplorer because it exceeded search pattern filesize limit: SRR11727638_trim2_fastqc.html
[2023-03-05 11:02:00,729] multiqc                                            [DEBUG  ]  File ignored by longranger/invocation because it exceeded search pattern filesize limit: SRR11727638_trim2_fastqc.html
[2023-03-05 11:02:00,815] multiqc                                            [DEBUG  ]  File ignored by hicexplorer because it exceeded search pattern filesize limit: SRR11727638_trim1_fastqc.html
[2023-03-05 11:02:00,824] multiqc                                            [DEBUG  ]  File ignored by longranger/invocation because it exceeded search pattern filesize limit: SRR11727638_trim1_fastqc.html
[2023-03-05 11:02:00,913] multiqc                                            [DEBUG  ]  File ignored by longranger/invocation because it exceeded search pattern filesize limit: ._SRR11727638.frip.txt
[2023-03-05 11:02:00,977] multiqc                                            [DEBUG  ]  Ignoring file as matched an ignore pattern: SRR11727638_summits.bed
[2023-03-05 11:02:00,994] multiqc                                            [DEBUG  ]  File ignored by hicexplorer because it exceeded search pattern filesize limit: SRR11727638neutrophils_peaks.narrowPeak
[2023-03-05 11:02:01,003] multiqc                                            [DEBUG  ]  File ignored by longranger/invocation because it exceeded search pattern filesize limit: SRR11727638neutrophils_peaks.narrowPeak
[2023-03-05 11:02:01,003] multiqc                                            [DEBUG  ]  File ignored by rockhopper because it exceeded search pattern filesize limit: SRR11727638neutrophils_peaks.narrowPeak
[2023-03-05 11:02:01,003] multiqc                                            [DEBUG  ]  File ignored by rseqc/bam_stat because it exceeded search pattern filesize limit: SRR11727638neutrophils_peaks.narrowPeak
[2023-03-05 11:02:01,003] multiqc                                            [DEBUG  ]  File ignored by rseqc/junction_annotation because it exceeded search pattern filesize limit: SRR11727638neutrophils_peaks.narrowPeak
[2023-03-05 11:02:01,004] multiqc                                            [DEBUG  ]  File ignored by rseqc/read_distribution because it exceeded search pattern filesize limit: SRR11727638neutrophils_peaks.narrowPeak
[2023-03-05 11:02:01,004] multiqc                                            [DEBUG  ]  File ignored by rseqc/infer_experiment because it exceeded search pattern filesize limit: SRR11727638neutrophils_peaks.narrowPeak
[2023-03-05 11:02:01,289] multiqc                                            [DEBUG  ]  File ignored by longranger/invocation because it exceeded search pattern filesize limit: ._SRR11727638_peaks.narrowPeak
[2023-03-05 11:02:01,321] multiqc                                            [DEBUG  ]  File ignored by hicexplorer because it exceeded search pattern filesize limit: SRR11727638_bulkATAC.sh
[2023-03-05 11:02:01,330] multiqc                                            [DEBUG  ]  File ignored by longranger/invocation because it exceeded search pattern filesize limit: SRR11727638_bulkATAC.sh
[2023-03-05 11:02:01,378] multiqc                                            [DEBUG  ]  File ignored by longranger/invocation because it exceeded search pattern filesize limit: ._SRR11727638_bulkATAC.err
[2023-03-05 11:02:01,461] multiqc                                            [DEBUG  ]  File ignored by longranger/invocation because it exceeded search pattern filesize limit: ._SRR11727638_bulkATAC.sh
[2023-03-05 11:02:01,494] multiqc                                            [DEBUG  ]  File ignored by hicexplorer because it exceeded search pattern filesize limit: SRR11727638_bulkATAC.err
[2023-03-05 11:02:01,502] multiqc                                            [DEBUG  ]  File ignored by longranger/invocation because it exceeded search pattern filesize limit: SRR11727638_bulkATAC.err
[2023-03-05 11:02:01,528] multiqc                                            [DEBUG  ]  Ignoring file as matched an ignore pattern: multiqc_report.html
[2023-03-05 11:02:01,552] multiqc                                            [DEBUG  ]  File ignored by longranger/invocation because it exceeded search pattern filesize limit: ._.DS_Store
[2023-03-05 11:02:01,570] multiqc                                            [DEBUG  ]  Ignoring file as matched an ignore pattern: .DS_Store
[2023-03-05 11:02:01,590] multiqc                                            [DEBUG  ]  File ignored by hicexplorer because it exceeded search pattern filesize limit: SRR11727639_trim2_fastqc.html
[2023-03-05 11:02:01,599] multiqc                                            [DEBUG  ]  File ignored by longranger/invocation because it exceeded search pattern filesize limit: SRR11727639_trim2_fastqc.html
[2023-03-05 11:02:01,681] multiqc                                            [DEBUG  ]  File ignored by hicexplorer because it exceeded search pattern filesize limit: SRR11727639_trim1_fastqc.html
[2023-03-05 11:02:01,690] multiqc                                            [DEBUG  ]  File ignored by longranger/invocation because it exceeded search pattern filesize limit: SRR11727639_trim1_fastqc.html
[2023-03-05 11:02:01,768] multiqc                                            [DEBUG  ]  File ignored by hicexplorer because it exceeded search pattern filesize limit: SRR11727639_bulkATAC.sh
[2023-03-05 11:02:01,776] multiqc                                            [DEBUG  ]  File ignored by longranger/invocation because it exceeded search pattern filesize limit: SRR11727639_bulkATAC.sh
[2023-03-05 11:02:01,863] multiqc                                            [DEBUG  ]  File ignored by hicexplorer because it exceeded search pattern filesize limit: SRR11727639_bulkATAC.err
[2023-03-05 11:02:01,871] multiqc                                            [DEBUG  ]  File ignored by longranger/invocation because it exceeded search pattern filesize limit: SRR11727639_bulkATAC.err
[2023-03-05 11:02:01,926] multiqc                                            [DEBUG  ]  File ignored by longranger/invocation because it exceeded search pattern filesize limit: ._SRR11727639.frip.txt
[2023-03-05 11:02:01,961] multiqc                                            [DEBUG  ]  File ignored by hicexplorer because it exceeded search pattern filesize limit: SRR11727639neutrophils_peaks.narrowPeak
[2023-03-05 11:02:01,969] multiqc                                            [DEBUG  ]  File ignored by longranger/invocation because it exceeded search pattern filesize limit: SRR11727639neutrophils_peaks.narrowPeak
[2023-03-05 11:02:01,970] multiqc                                            [DEBUG  ]  File ignored by rockhopper because it exceeded search pattern filesize limit: SRR11727639neutrophils_peaks.narrowPeak
[2023-03-05 11:02:01,970] multiqc                                            [DEBUG  ]  File ignored by rseqc/bam_stat because it exceeded search pattern filesize limit: SRR11727639neutrophils_peaks.narrowPeak
[2023-03-05 11:02:01,970] multiqc                                            [DEBUG  ]  File ignored by rseqc/junction_annotation because it exceeded search pattern filesize limit: SRR11727639neutrophils_peaks.narrowPeak
[2023-03-05 11:02:01,970] multiqc                                            [DEBUG  ]  File ignored by rseqc/read_distribution because it exceeded search pattern filesize limit: SRR11727639neutrophils_peaks.narrowPeak
[2023-03-05 11:02:01,970] multiqc                                            [DEBUG  ]  File ignored by rseqc/infer_experiment because it exceeded search pattern filesize limit: SRR11727639neutrophils_peaks.narrowPeak
[2023-03-05 11:02:01,981] multiqc                                            [DEBUG  ]  File ignored by stacks/sumstats because it exceeded search pattern filesize limit: SRR11727639neutrophils_peaks.narrowPeak
[2023-03-05 11:02:02,779] multiqc                                            [DEBUG  ]  Ignoring file as matched an ignore pattern: SRR11727639_summits.bed
[2023-03-05 11:02:02,847] multiqc                                            [DEBUG  ]  File ignored by longranger/invocation because it exceeded search pattern filesize limit: ._SRR11727639_peaks.narrowPeak
[2023-03-05 11:02:02,883] multiqc                                            [DEBUG  ]  File ignored by hicexplorer because it exceeded search pattern filesize limit: SRR11727639_1_fastqc.html
[2023-03-05 11:02:02,892] multiqc                                            [DEBUG  ]  File ignored by longranger/invocation because it exceeded search pattern filesize limit: SRR11727639_1_fastqc.html
[2023-03-05 11:02:02,970] multiqc                                            [DEBUG  ]  File ignored by hicexplorer because it exceeded search pattern filesize limit: SRR11727639_2_fastqc.html
[2023-03-05 11:02:02,981] multiqc                                            [DEBUG  ]  File ignored by longranger/invocation because it exceeded search pattern filesize limit: SRR11727639_2_fastqc.html
[2023-03-05 11:02:03,043] multiqc                                            [DEBUG  ]  Ignoring file as matched an ignore pattern: SRR11727639.blacklist.bam
[2023-03-05 11:02:03,043] multiqc                                            [DEBUG  ]  Ignoring file as matched an ignore pattern: SRR11727639.filtered.bam.bai
[2023-03-05 11:02:03,043] multiqc                                            [DEBUG  ]  Ignoring file as matched an ignore pattern: SRR11727639.clean.bam
[2023-03-05 11:02:03,069] multiqc                                            [DEBUG  ]  File ignored by longranger/invocation because it exceeded search pattern filesize limit: SRR11727639.markdup.txt
[2023-03-05 11:02:03,131] multiqc                                            [DEBUG  ]  Ignoring file as matched an ignore pattern: SRR11727639.sam
[2023-03-05 11:02:03,131] multiqc                                            [DEBUG  ]  Ignoring file as matched an ignore pattern: SRR11727639.markdup.bai
[2023-03-05 11:02:03,132] multiqc                                            [DEBUG  ]  Ignoring file as matched an ignore pattern: SRR11727639.sorted.bam
[2023-03-05 11:02:03,132] multiqc                                            [DEBUG  ]  Ignoring file as matched an ignore pattern: SRR11727639.bam
[2023-03-05 11:02:03,132] multiqc                                            [DEBUG  ]  Ignoring file as matched an ignore pattern: SRR11727639.markdup.bam
[2023-03-05 11:02:03,132] multiqc                                            [DEBUG  ]  Ignoring file as matched an ignore pattern: SRR11727639.sorted.bam.bai
[2023-03-05 11:02:03,132] multiqc                                            [DEBUG  ]  Ignoring file as matched an ignore pattern: SRR11727639.filtered.bam
[2023-03-05 11:02:03,177] multiqc                                            [DEBUG  ]  Ignoring file as matched an ignore pattern: SRR11727639.clean.bam.bai
[2023-03-05 11:02:03,178] multiqc                                            [DEBUG  ]  Ignoring file as matched an ignore pattern: multiqc_report.html
[2023-03-05 11:02:03,203] multiqc                                            [DEBUG  ]  File ignored by longranger/invocation because it exceeded search pattern filesize limit: ._.DS_Store
[2023-03-05 11:02:03,220] multiqc                                            [DEBUG  ]  Ignoring file as matched an ignore pattern: .DS_Store
[2023-03-05 11:02:03,239] multiqc                                            [DEBUG  ]  File ignored by hicexplorer because it exceeded search pattern filesize limit: SRR11727640_trim1_fastqc.html
[2023-03-05 11:02:03,250] multiqc                                            [DEBUG  ]  File ignored by longranger/invocation because it exceeded search pattern filesize limit: SRR11727640_trim1_fastqc.html
[2023-03-05 11:02:03,342] multiqc                                            [DEBUG  ]  File ignored by hicexplorer because it exceeded search pattern filesize limit: SRR11727640_trim2_fastqc.html
[2023-03-05 11:02:03,353] multiqc                                            [DEBUG  ]  File ignored by longranger/invocation because it exceeded search pattern filesize limit: SRR11727640_trim2_fastqc.html
[2023-03-05 11:02:03,445] multiqc                                            [DEBUG  ]  File ignored by longranger/invocation because it exceeded search pattern filesize limit: ._SRR11727640_trim1_fastqc.html
[2023-03-05 11:02:03,478] multiqc                                            [DEBUG  ]  File ignored by hicexplorer because it exceeded search pattern filesize limit: SRR11727640_bulkATAC.sh
[2023-03-05 11:02:03,486] multiqc                                            [DEBUG  ]  File ignored by longranger/invocation because it exceeded search pattern filesize limit: SRR11727640_bulkATAC.sh
[2023-03-05 11:02:03,575] multiqc                                            [DEBUG  ]  File ignored by hicexplorer because it exceeded search pattern filesize limit: SRR11727640_bulkATAC.err
[2023-03-05 11:02:03,583] multiqc                                            [DEBUG  ]  File ignored by longranger/invocation because it exceeded search pattern filesize limit: SRR11727640_bulkATAC.err
[2023-03-05 11:02:03,614] multiqc                                            [DEBUG  ]  Ignoring file as matched an ignore pattern: SRR11727640_summits.bed
[2023-03-05 11:02:03,632] multiqc                                            [DEBUG  ]  File ignored by hicexplorer because it exceeded search pattern filesize limit: SRR11727640neutrophils_peaks.narrowPeak
[2023-03-05 11:02:03,641] multiqc                                            [DEBUG  ]  File ignored by longranger/invocation because it exceeded search pattern filesize limit: SRR11727640neutrophils_peaks.narrowPeak
[2023-03-05 11:02:03,641] multiqc                                            [DEBUG  ]  File ignored by rockhopper because it exceeded search pattern filesize limit: SRR11727640neutrophils_peaks.narrowPeak
[2023-03-05 11:02:03,641] multiqc                                            [DEBUG  ]  File ignored by rseqc/bam_stat because it exceeded search pattern filesize limit: SRR11727640neutrophils_peaks.narrowPeak
[2023-03-05 11:02:03,641] multiqc                                            [DEBUG  ]  File ignored by rseqc/junction_annotation because it exceeded search pattern filesize limit: SRR11727640neutrophils_peaks.narrowPeak
[2023-03-05 11:02:03,641] multiqc                                            [DEBUG  ]  File ignored by rseqc/read_distribution because it exceeded search pattern filesize limit: SRR11727640neutrophils_peaks.narrowPeak
[2023-03-05 11:02:03,642] multiqc                                            [DEBUG  ]  File ignored by rseqc/infer_experiment because it exceeded search pattern filesize limit: SRR11727640neutrophils_peaks.narrowPeak
[2023-03-05 11:02:03,649] multiqc                                            [DEBUG  ]  File ignored by stacks/sumstats because it exceeded search pattern filesize limit: SRR11727640neutrophils_peaks.narrowPeak
[2023-03-05 11:02:04,332] multiqc                                            [DEBUG  ]  File ignored by longranger/invocation because it exceeded search pattern filesize limit: ._SRR11727640.frip.txt
[2023-03-05 11:02:04,373] multiqc                                            [DEBUG  ]  File ignored by longranger/invocation because it exceeded search pattern filesize limit: ._SRR11727640_peaks.narrowPeak
[2023-03-05 11:02:04,449] multiqc                                            [DEBUG  ]  File ignored by hicexplorer because it exceeded search pattern filesize limit: SRR11727640_2_fastqc.html
[2023-03-05 11:02:04,458] multiqc                                            [DEBUG  ]  File ignored by longranger/invocation because it exceeded search pattern filesize limit: SRR11727640_2_fastqc.html
[2023-03-05 11:02:04,549] multiqc                                            [DEBUG  ]  File ignored by longranger/invocation because it exceeded search pattern filesize limit: ._SRR11727640_1_fastqc.html
[2023-03-05 11:02:04,583] multiqc                                            [DEBUG  ]  File ignored by hicexplorer because it exceeded search pattern filesize limit: SRR11727640_1_fastqc.html
[2023-03-05 11:02:04,592] multiqc                                            [DEBUG  ]  File ignored by longranger/invocation because it exceeded search pattern filesize limit: SRR11727640_1_fastqc.html
[2023-03-05 11:02:04,661] multiqc                                            [DEBUG  ]  Ignoring file as matched an ignore pattern: SRR11727640.filtered.bam.bai
[2023-03-05 11:02:04,661] multiqc                                            [DEBUG  ]  Ignoring file as matched an ignore pattern: SRR11727640.clean.bam.bai
[2023-03-05 11:02:04,662] multiqc                                            [DEBUG  ]  Ignoring file as matched an ignore pattern: SRR11727640.markdup.bai
[2023-03-05 11:02:04,662] multiqc                                            [DEBUG  ]  Ignoring file as matched an ignore pattern: SRR11727640.clean.bam
[2023-03-05 11:02:04,662] multiqc                                            [DEBUG  ]  Ignoring file as matched an ignore pattern: SRR11727640.filtered.bam
[2023-03-05 11:02:04,662] multiqc                                            [DEBUG  ]  Ignoring file as matched an ignore pattern: SRR11727640.sam
[2023-03-05 11:02:04,662] multiqc                                            [DEBUG  ]  Ignoring file as matched an ignore pattern: SRR11727640.sorted.bam.bai
[2023-03-05 11:02:04,705] multiqc                                            [DEBUG  ]  Ignoring file as matched an ignore pattern: SRR11727640.sorted.bam
[2023-03-05 11:02:04,705] multiqc                                            [DEBUG  ]  Ignoring file as matched an ignore pattern: SRR11727640.blacklist.bam
[2023-03-05 11:02:04,705] multiqc                                            [DEBUG  ]  Ignoring file as matched an ignore pattern: SRR11727640.markdup.bam
[2023-03-05 11:02:04,706] multiqc                                            [DEBUG  ]  Ignoring file as matched an ignore pattern: SRR11727640.bam
[2023-03-05 11:02:04,772] multiqc                                            [DEBUG  ]  File ignored by longranger/invocation because it exceeded search pattern filesize limit: SRR11727640.markdup.txt
[2023-03-05 11:02:05,168] multiqc.plots.bargraph                             [DEBUG  ]  Using matplotlib version 3.2.2
[2023-03-05 11:02:05,168] multiqc.plots.linegraph                            [DEBUG  ]  Using matplotlib version 3.2.2
[2023-03-05 11:02:05,170] multiqc                                            [DEBUG  ]  No samples found: custom_content
[2023-03-05 11:02:05,174] multiqc                                            [DEBUG  ]  No samples found: conpair
[2023-03-05 11:02:05,177] multiqc                                            [DEBUG  ]  No samples found: peddy
[2023-03-05 11:02:05,239] multiqc                                            [DEBUG  ]  No samples found: somalier
[2023-03-05 11:02:05,245] multiqc                                            [DEBUG  ]  No samples found: methylQA
[2023-03-05 11:02:05,255] multiqc                                            [DEBUG  ]  No samples found: mosdepth
[2023-03-05 11:02:05,261] multiqc                                            [DEBUG  ]  No samples found: phantompeakqualtools
[2023-03-05 11:02:05,266] multiqc                                            [DEBUG  ]  No samples found: qualimap
[2023-03-05 11:02:05,276] multiqc                                            [DEBUG  ]  No samples found: preseq
[2023-03-05 11:02:05,285] multiqc                                            [DEBUG  ]  No samples found: quast
[2023-03-05 11:02:05,294] multiqc                                            [DEBUG  ]  No samples found: qorts
[2023-03-05 11:02:05,301] multiqc                                            [DEBUG  ]  No samples found: rna_seqc
[2023-03-05 11:02:05,309] multiqc                                            [DEBUG  ]  No samples found: rockhopper
[2023-03-05 11:02:05,315] multiqc                                            [DEBUG  ]  No samples found: rsem
[2023-03-05 11:02:05,333] multiqc                                            [DEBUG  ]  No samples found: rseqc
[2023-03-05 11:02:05,338] multiqc                                            [DEBUG  ]  No samples found: busco
[2023-03-05 11:02:05,345] multiqc                                            [DEBUG  ]  No samples found: goleft_indexcov
[2023-03-05 11:02:05,353] multiqc                                            [DEBUG  ]  No samples found: disambiguate
[2023-03-05 11:02:05,361] multiqc                                            [DEBUG  ]  No samples found: supernova
[2023-03-05 11:02:05,389] multiqc                                            [DEBUG  ]  No samples found: deeptools
[2023-03-05 11:02:05,394] multiqc                                            [DEBUG  ]  No samples found: sargasso
[2023-03-05 11:02:05,399] multiqc                                            [DEBUG  ]  No samples found: verifybamid
[2023-03-05 11:02:05,404] multiqc                                            [DEBUG  ]  No samples found: mirtrace
[2023-03-05 11:02:05,408] multiqc                                            [DEBUG  ]  No samples found: happy
[2023-03-05 11:02:05,413] multiqc                                            [DEBUG  ]  No samples found: mirtop
[2023-03-05 11:02:05,420] multiqc                                            [DEBUG  ]  No samples found: homer
[2023-03-05 11:02:05,520] multiqc.modules.macs2.macs2                        [INFO   ]  Found 3 logs
[2023-03-05 11:02:05,525] multiqc                                            [DEBUG  ]  No samples found: theta2
[2023-03-05 11:02:05,530] multiqc                                            [DEBUG  ]  No samples found: snpeff
[2023-03-05 11:02:05,537] multiqc                                            [DEBUG  ]  No samples found: gatk
[2023-03-05 11:02:05,542] multiqc                                            [DEBUG  ]  No samples found: htseq
[2023-03-05 11:02:05,547] multiqc                                            [DEBUG  ]  No samples found: bcftools
[2023-03-05 11:02:05,554] multiqc                                            [DEBUG  ]  No samples found: featureCounts
[2023-03-05 11:02:05,562] multiqc                                            [DEBUG  ]  No samples found: fgbio
[2023-03-05 11:02:05,577] multiqc                                            [DEBUG  ]  No samples found: dragen
[2023-03-05 11:02:05,582] multiqc                                            [DEBUG  ]  No samples found: dedup
[2023-03-05 11:02:05,586] multiqc                                            [DEBUG  ]  No samples found: damageprofiler
[2023-03-05 11:02:05,614] multiqc                                            [DEBUG  ]  No samples found: biobambam2
[2023-03-05 11:02:05,619] multiqc                                            [DEBUG  ]  No samples found: mtnucratio
[2023-03-05 11:02:05,630] multiqc.modules.picard.picard                      [INFO   ]  Found 3 MarkDuplicates reports
[2023-03-05 11:02:05,649] multiqc                                            [DEBUG  ]  No samples found: prokka
[2023-03-05 11:02:05,655] multiqc                                            [DEBUG  ]  No samples found: samblaster
[2023-03-05 11:02:05,670] multiqc.modules.samtools.flagstat                  [DEBUG  ]  Duplicate sample name found! Overwriting: SRR11727638
[2023-03-05 11:02:05,671] multiqc.modules.samtools.flagstat                  [DEBUG  ]  Duplicate sample name found! Overwriting: SRR11727639
[2023-03-05 11:02:05,673] multiqc.modules.samtools.flagstat                  [DEBUG  ]  Duplicate sample name found! Overwriting: SRR11727640
[2023-03-05 11:02:05,674] multiqc.modules.samtools.samtools                  [INFO   ]  Found 3 flagstat reports
[2023-03-05 11:02:05,681] multiqc                                            [DEBUG  ]  No samples found: sexdeterrmine
[2023-03-05 11:02:05,687] multiqc                                            [DEBUG  ]  No samples found: bamtools
[2023-03-05 11:02:05,692] multiqc                                            [DEBUG  ]  No samples found: jellyfish
[2023-03-05 11:02:05,702] multiqc                                            [DEBUG  ]  No samples found: vcftools
[2023-03-05 11:02:05,707] multiqc                                            [DEBUG  ]  No samples found: longranger
[2023-03-05 11:02:05,712] multiqc                                            [DEBUG  ]  No samples found: stacks
[2023-03-05 11:02:05,716] multiqc                                            [DEBUG  ]  No samples found: varscan2
[2023-03-05 11:02:05,735] multiqc                                            [DEBUG  ]  No samples found: bbmap
[2023-03-05 11:02:05,740] multiqc                                            [DEBUG  ]  No samples found: bismark
[2023-03-05 11:02:05,746] multiqc                                            [DEBUG  ]  No samples found: biscuit
[2023-03-05 11:02:05,753] multiqc                                            [DEBUG  ]  No samples found: hicexplorer
[2023-03-05 11:02:05,760] multiqc                                            [DEBUG  ]  No samples found: hicup
[2023-03-05 11:02:05,768] multiqc                                            [DEBUG  ]  No samples found: hicpro
[2023-03-05 11:02:05,773] multiqc                                            [DEBUG  ]  No samples found: salmon
[2023-03-05 11:02:05,780] multiqc                                            [DEBUG  ]  No samples found: kallisto
[2023-03-05 11:02:05,785] multiqc                                            [DEBUG  ]  No samples found: slamdunk
[2023-03-05 11:02:05,792] multiqc                                            [DEBUG  ]  No samples found: star
[2023-03-05 11:02:05,797] multiqc                                            [DEBUG  ]  No samples found: hisat2
[2023-03-05 11:02:05,803] multiqc                                            [DEBUG  ]  No samples found: tophat
[2023-03-05 11:02:05,839] multiqc.modules.bowtie2.bowtie2                    [INFO   ]  Found 3 reports
[2023-03-05 11:02:05,851] multiqc                                            [DEBUG  ]  No samples found: bowtie1
[2023-03-05 11:02:05,857] multiqc                                            [DEBUG  ]  No samples found: snpsplit
[2023-03-05 11:02:05,863] multiqc                                            [DEBUG  ]  No samples found: kat
[2023-03-05 11:02:05,870] multiqc                                            [DEBUG  ]  No samples found: leehom
[2023-03-05 11:02:05,877] multiqc                                            [DEBUG  ]  No samples found: adapterRemoval
[2023-03-05 11:02:05,883] multiqc                                            [DEBUG  ]  No samples found: clipandmerge
[2023-03-05 11:02:05,889] multiqc                                            [DEBUG  ]  No samples found: cutadapt
[2023-03-05 11:02:05,895] multiqc                                            [DEBUG  ]  No samples found: flexbar
[2023-03-05 11:02:05,900] multiqc                                            [DEBUG  ]  No samples found: kaiju
[2023-03-05 11:02:05,906] multiqc                                            [DEBUG  ]  No samples found: kraken
[2023-03-05 11:02:05,912] multiqc                                            [DEBUG  ]  No samples found: malt
[2023-03-05 11:02:05,922] multiqc.modules.trimmomatic.trimmomatic            [INFO   ]  Found 3 logs
[2023-03-05 11:02:05,928] multiqc                                            [DEBUG  ]  No samples found: sickle
[2023-03-05 11:02:05,935] multiqc                                            [DEBUG  ]  No samples found: skewer
[2023-03-05 11:02:05,941] multiqc                                            [DEBUG  ]  No samples found: sortmerna
[2023-03-05 11:02:05,947] multiqc                                            [DEBUG  ]  No samples found: biobloomtools
[2023-03-05 11:02:05,952] multiqc                                            [DEBUG  ]  No samples found: fastq_screen
[2023-03-05 11:02:05,958] multiqc                                            [DEBUG  ]  No samples found: afterqc
[2023-03-05 11:02:05,964] multiqc                                            [DEBUG  ]  No samples found: fastp
[2023-03-05 11:02:06,228] multiqc.modules.fastqc.fastqc                      [INFO   ]  Found 12 reports
[2023-03-05 11:02:06,337] multiqc                                            [DEBUG  ]  No samples found: pycoqc
[2023-03-05 11:02:06,343] multiqc                                            [DEBUG  ]  No samples found: minionqc
[2023-03-05 11:02:06,350] multiqc                                            [DEBUG  ]  No samples found: multivcfanalyzer
[2023-03-05 11:02:06,355] multiqc                                            [DEBUG  ]  No samples found: clusterflow
[2023-03-05 11:02:06,361] multiqc                                            [DEBUG  ]  No samples found: bcl2fastq
[2023-03-05 11:02:06,366] multiqc                                            [DEBUG  ]  No samples found: interop
[2023-03-05 11:02:06,371] multiqc                                            [DEBUG  ]  No samples found: ivar
[2023-03-05 11:02:06,377] multiqc                                            [DEBUG  ]  No samples found: flash
[2023-03-05 11:02:06,382] multiqc                                            [DEBUG  ]  No samples found: seqyclean
[2023-03-05 11:02:06,422] multiqc                                            [INFO   ]  Compressing plot data
[2023-03-05 11:02:06,650] multiqc                                            [WARNING]  Previous MultiQC output found! Adjusting filenames..
[2023-03-05 11:02:06,651] multiqc                                            [WARNING]  Use -f or --force to overwrite existing reports instead
[2023-03-05 11:02:06,651] multiqc                                            [INFO   ]  Report      : multiqc_report_6.html
[2023-03-05 11:02:06,651] multiqc                                            [INFO   ]  Data        : multiqc_data_6
[2023-03-05 11:02:06,651] multiqc                                            [DEBUG  ]  Moving data file from '/tmp/tmpw2zmavjn/multiqc_data' to '/ibex/scratch/alghurmf/MultiQC/multiqc_data_6'
[2023-03-05 11:02:06,868] multiqc                                            [INFO   ]  MultiQC complete
